<?xml version="1.0" encoding="UTF-8"?>
<testsuite name="com.freelancer.RealEstate.RealEstateApplicationTests" tests="1" skipped="0" failures="0" errors="0" timestamp="2022-08-15T17:11:56" hostname="VIKAS" time="0.163">
  <properties/>
  <testcase name="contextLoads()" classname="com.freelancer.RealEstate.RealEstateApplicationTests" time="0.163"/>
  <system-out><![CDATA[
  .   ____          _            __ _ _
 /\\ / ___'_ __ _ _(_)_ __  __ _ \ \ \ \
( ( )\___ | '_ | '_| | '_ \/ _` | \ \ \ \
 \\/  ___)| |_)| | | | | || (_| |  ) ) ) )
  '  |____| .__|_| |_|_| |_\__, | / / / /
 =========|_|==============|___/=/_/_/_/
 :: Spring Boot ::                (v2.7.0)

2022-08-15 22:41:21.013  INFO 3888 --- [    Test worker] c.f.R.RealEstateApplicationTests         : Starting RealEstateApplicationTests using Java 1.8.0_251 on vikas with PID 3888 (started by vikas in D:\Freelancer\Propline\RealEstate\RealEstate)
2022-08-15 22:41:21.039  INFO 3888 --- [    Test worker] c.f.R.RealEstateApplicationTests         : The following 1 profile is active: "prod"
2022-08-15 22:41:24.969  INFO 3888 --- [    Test worker] .s.d.r.c.RepositoryConfigurationDelegate : Bootstrapping Spring Data JPA repositories in DEFAULT mode.
2022-08-15 22:41:25.308  INFO 3888 --- [    Test worker] .s.d.r.c.RepositoryConfigurationDelegate : Finished Spring Data repository scanning in 316 ms. Found 19 JPA repository interfaces.
2022-08-15 22:41:26.915  INFO 3888 --- [    Test worker] o.h.j.i.u.LogHelper                      : HHH000204: Processing PersistenceUnitInfo [name: default]
2022-08-15 22:41:27.037  INFO 3888 --- [    Test worker] o.h.Version                              : HHH000412: Hibernate ORM core version 5.6.9.Final
2022-08-15 22:41:27.383  INFO 3888 --- [    Test worker] o.h.a.c.Version                          : HCANN000001: Hibernate Commons Annotations {5.1.2.Final}
2022-08-15 22:41:27.598  INFO 3888 --- [    Test worker] c.z.h.HikariDataSource                   : HikariPool-1 - Starting...
2022-08-15 22:41:27.605  WARN 3888 --- [    Test worker] c.z.h.u.DriverDataSource                 : Registered driver with driverClassName=com.mysql.jdbc.Driver was not found, trying direct instantiation.
2022-08-15 22:41:31.170  INFO 3888 --- [    Test worker] c.z.h.HikariDataSource                   : HikariPool-1 - Start completed.
2022-08-15 22:41:31.252  INFO 3888 --- [    Test worker] o.h.d.Dialect                            : HHH000400: Using dialect: org.hibernate.dialect.MySQL8Dialect
2022-08-15 22:41:50.722  INFO 3888 --- [    Test worker] o.h.e.t.j.p.i.JtaPlatformInitiator       : HHH000490: Using JtaPlatform implementation: [org.hibernate.engine.transaction.jta.platform.internal.NoJtaPlatform]
2022-08-15 22:41:50.755  INFO 3888 --- [    Test worker] j.LocalContainerEntityManagerFactoryBean : Initialized JPA EntityManagerFactory for persistence unit 'default'
2022-08-15 22:41:53.971  WARN 3888 --- [    Test worker] JpaBaseConfiguration$JpaWebConfiguration : spring.jpa.open-in-view is enabled by default. Therefore, database queries may be performed during view rendering. Explicitly configure spring.jpa.open-in-view to disable this warning
2022-08-15 22:41:54.579  INFO 3888 --- [    Test worker] pertySourcedRequestMappingHandlerMapping : Mapped URL path [/v2/api-docs] onto method [springfox.documentation.swagger2.web.Swagger2Controller#getDocumentation(String, HttpServletRequest)]
2022-08-15 22:41:55.721  INFO 3888 --- [    Test worker] d.s.w.p.DocumentationPluginsBootstrapper : Context refreshed
2022-08-15 22:41:55.763  INFO 3888 --- [    Test worker] d.s.w.p.DocumentationPluginsBootstrapper : Found 1 custom documentation plugin(s)
2022-08-15 22:41:55.870  INFO 3888 --- [    Test worker] s.d.s.w.s.ApiListingReferenceScanner     : Scanning for api listing references
2022-08-15 22:41:56.143  INFO 3888 --- [    Test worker] .d.s.w.r.o.CachingOperationNameGenerator : Generating unique operation named: getActiveMissionsUsingGET_1
2022-08-15 22:41:56.331  INFO 3888 --- [    Test worker] c.f.R.RealEstateApplicationTests         : Started RealEstateApplicationTests in 36.557 seconds (JVM running for 41.011)
]]></system-out>
  <system-err><![CDATA[Loading class `com.mysql.jdbc.Driver'. This is deprecated. The new driver class is `com.mysql.cj.jdbc.Driver'. The driver is automatically registered via the SPI and manual loading of the driver class is generally unnecessary.
]]></system-err>
</testsuite>
